[2.485s] DEBUG:colcon:Command line arguments: ['/usr/bin/colcon', 'list', '-p', '--base-paths', '/home/dodo/zadanie']
[2.486s] DEBUG:colcon:Parsed command line arguments: Namespace(log_base=None, log_level=None, verb_name='list', build_base='build', ignore_user_meta=False, metas=['./colcon.meta'], base_paths=['/home/dodo/zadanie'], packages_ignore=None, packages_ignore_regex=None, paths=None, packages_up_to=None, packages_up_to_regex=None, packages_above=None, packages_above_and_dependencies=None, packages_above_depth=None, packages_select_by_dep=None, packages_skip_by_dep=None, packages_skip_up_to=None, packages_select_build_failed=False, packages_skip_build_finished=False, packages_select_test_failures=False, packages_skip_test_passed=False, packages_select=None, packages_skip=None, packages_select_regex=None, packages_skip_regex=None, packages_start=None, packages_end=None, allow_overriding=[], topological_order=False, names_only=False, paths_only=True, topological_graph=False, topological_graph_dot=False, topological_graph_density=False, topological_graph_legend=False, topological_graph_dot_cluster=False, topological_graph_dot_include_skipped=False, verb_parser=<colcon_defaults.argument_parser.defaults.DefaultArgumentsDecorator object at 0x7f4beed2c070>, verb_extension=<colcon_package_information.verb.list.ListVerb object at 0x7f4bef014700>, main=<bound method ListVerb.main of <colcon_package_information.verb.list.ListVerb object at 0x7f4bef014700>>)
[2.714s] Level 1:colcon.colcon_core.package_discovery:discover_packages(colcon_meta) check parameters
[2.714s] Level 1:colcon.colcon_core.package_discovery:discover_packages(recursive) check parameters
[2.714s] Level 1:colcon.colcon_core.package_discovery:discover_packages(ignore) check parameters
[2.715s] Level 1:colcon.colcon_core.package_discovery:discover_packages(path) check parameters
[2.715s] Level 1:colcon.colcon_core.package_discovery:discover_packages(recursive) discover
[2.715s] INFO:colcon.colcon_core.package_discovery:Crawling recursively for packages in '/home/dodo/zadanie'
[2.715s] Level 1:colcon.colcon_core.package_identification:_identify(/home/dodo/zadanie) by extensions ['ignore', 'ignore_ament_install']
[2.715s] Level 1:colcon.colcon_core.package_identification:_identify(/home/dodo/zadanie) by extension 'ignore'
[2.715s] Level 1:colcon.colcon_core.package_identification:_identify(/home/dodo/zadanie) by extension 'ignore_ament_install'
[2.715s] Level 1:colcon.colcon_core.package_identification:_identify(/home/dodo/zadanie) by extensions ['colcon_pkg']
[2.715s] Level 1:colcon.colcon_core.package_identification:_identify(/home/dodo/zadanie) by extension 'colcon_pkg'
[2.715s] Level 1:colcon.colcon_core.package_identification:_identify(/home/dodo/zadanie) by extensions ['colcon_meta']
[2.715s] Level 1:colcon.colcon_core.package_identification:_identify(/home/dodo/zadanie) by extension 'colcon_meta'
[2.715s] Level 1:colcon.colcon_core.package_identification:_identify(/home/dodo/zadanie) by extensions ['ros']
[2.715s] Level 1:colcon.colcon_core.package_identification:_identify(/home/dodo/zadanie) by extension 'ros'
[2.737s] Level 1:colcon.colcon_core.package_identification:_identify(/home/dodo/zadanie) by extensions ['cmake', 'python']
[2.737s] Level 1:colcon.colcon_core.package_identification:_identify(/home/dodo/zadanie) by extension 'cmake'
[2.737s] Level 1:colcon.colcon_core.package_identification:_identify(/home/dodo/zadanie) by extension 'python'
[2.737s] Level 1:colcon.colcon_core.package_identification:_identify(/home/dodo/zadanie) by extensions ['python_setup_py']
[2.737s] Level 1:colcon.colcon_core.package_identification:_identify(/home/dodo/zadanie) by extension 'python_setup_py'
[2.737s] Level 1:colcon.colcon_core.package_identification:_identify(/home/dodo/zadanie/build) by extensions ['ignore', 'ignore_ament_install']
[2.737s] Level 1:colcon.colcon_core.package_identification:_identify(/home/dodo/zadanie/build) by extension 'ignore'
[2.737s] Level 1:colcon.colcon_core.package_identification:_identify(/home/dodo/zadanie/build) ignored
[2.737s] Level 1:colcon.colcon_core.package_identification:_identify(/home/dodo/zadanie/install) by extensions ['ignore', 'ignore_ament_install']
[2.737s] Level 1:colcon.colcon_core.package_identification:_identify(/home/dodo/zadanie/install) by extension 'ignore'
[2.737s] Level 1:colcon.colcon_core.package_identification:_identify(/home/dodo/zadanie/install) ignored
[2.737s] Level 1:colcon.colcon_core.package_identification:_identify(/home/dodo/zadanie/log) by extensions ['ignore', 'ignore_ament_install']
[2.738s] Level 1:colcon.colcon_core.package_identification:_identify(/home/dodo/zadanie/log) by extension 'ignore'
[2.738s] Level 1:colcon.colcon_core.package_identification:_identify(/home/dodo/zadanie/log) ignored
[2.738s] Level 1:colcon.colcon_core.package_identification:_identify(/home/dodo/zadanie/src) by extensions ['ignore', 'ignore_ament_install']
[2.738s] Level 1:colcon.colcon_core.package_identification:_identify(/home/dodo/zadanie/src) by extension 'ignore'
[2.738s] Level 1:colcon.colcon_core.package_identification:_identify(/home/dodo/zadanie/src) by extension 'ignore_ament_install'
[2.738s] Level 1:colcon.colcon_core.package_identification:_identify(/home/dodo/zadanie/src) by extensions ['colcon_pkg']
[2.738s] Level 1:colcon.colcon_core.package_identification:_identify(/home/dodo/zadanie/src) by extension 'colcon_pkg'
[2.738s] Level 1:colcon.colcon_core.package_identification:_identify(/home/dodo/zadanie/src) by extensions ['colcon_meta']
[2.738s] Level 1:colcon.colcon_core.package_identification:_identify(/home/dodo/zadanie/src) by extension 'colcon_meta'
[2.738s] Level 1:colcon.colcon_core.package_identification:_identify(/home/dodo/zadanie/src) by extensions ['ros']
[2.738s] Level 1:colcon.colcon_core.package_identification:_identify(/home/dodo/zadanie/src) by extension 'ros'
[2.738s] Level 1:colcon.colcon_core.package_identification:_identify(/home/dodo/zadanie/src) by extensions ['cmake', 'python']
[2.738s] Level 1:colcon.colcon_core.package_identification:_identify(/home/dodo/zadanie/src) by extension 'cmake'
[2.738s] Level 1:colcon.colcon_core.package_identification:_identify(/home/dodo/zadanie/src) by extension 'python'
[2.738s] Level 1:colcon.colcon_core.package_identification:_identify(/home/dodo/zadanie/src) by extensions ['python_setup_py']
[2.738s] Level 1:colcon.colcon_core.package_identification:_identify(/home/dodo/zadanie/src) by extension 'python_setup_py'
[2.738s] Level 1:colcon.colcon_core.package_identification:_identify(/home/dodo/zadanie/src/plansza_pionek) by extensions ['ignore', 'ignore_ament_install']
[2.738s] Level 1:colcon.colcon_core.package_identification:_identify(/home/dodo/zadanie/src/plansza_pionek) by extension 'ignore'
[2.739s] Level 1:colcon.colcon_core.package_identification:_identify(/home/dodo/zadanie/src/plansza_pionek) by extension 'ignore_ament_install'
[2.739s] Level 1:colcon.colcon_core.package_identification:_identify(/home/dodo/zadanie/src/plansza_pionek) by extensions ['colcon_pkg']
[2.739s] Level 1:colcon.colcon_core.package_identification:_identify(/home/dodo/zadanie/src/plansza_pionek) by extension 'colcon_pkg'
[2.739s] Level 1:colcon.colcon_core.package_identification:_identify(/home/dodo/zadanie/src/plansza_pionek) by extensions ['colcon_meta']
[2.739s] Level 1:colcon.colcon_core.package_identification:_identify(/home/dodo/zadanie/src/plansza_pionek) by extension 'colcon_meta'
[2.739s] Level 1:colcon.colcon_core.package_identification:_identify(/home/dodo/zadanie/src/plansza_pionek) by extensions ['ros']
[2.739s] Level 1:colcon.colcon_core.package_identification:_identify(/home/dodo/zadanie/src/plansza_pionek) by extension 'ros'
[2.741s] DEBUG:colcon.colcon_core.package_identification:Package '/home/dodo/zadanie/src/plansza_pionek' with type 'ros.ament_python' and name 'plansza_pionek'
[2.741s] Level 1:colcon.colcon_core.package_discovery:discover_packages(recursive) using defaults
