[1.657s] DEBUG:colcon:Command line arguments: ['/usr/bin/colcon', 'build']
[1.657s] DEBUG:colcon:Parsed command line arguments: Namespace(log_base=None, log_level=None, verb_name='build', build_base='build', install_base='install', merge_install=False, symlink_install=False, test_result_base=None, continue_on_error=False, executor='parallel', parallel_workers=2, event_handlers=None, ignore_user_meta=False, metas=['./colcon.meta'], base_paths=['.'], packages_ignore=None, packages_ignore_regex=None, paths=None, packages_up_to=None, packages_up_to_regex=None, packages_above=None, packages_above_and_dependencies=None, packages_above_depth=None, packages_select_by_dep=None, packages_skip_by_dep=None, packages_skip_up_to=None, packages_select_build_failed=False, packages_skip_build_finished=False, packages_select_test_failures=False, packages_skip_test_passed=False, packages_select=None, packages_skip=None, packages_select_regex=None, packages_skip_regex=None, packages_start=None, packages_end=None, allow_overriding=[], cmake_args=None, cmake_target=None, cmake_target_skip_unavailable=False, cmake_clean_cache=False, cmake_clean_first=False, cmake_force_configure=False, ament_cmake_args=None, catkin_cmake_args=None, catkin_skip_building_tests=False, verb_parser=<colcon_defaults.argument_parser.defaults.DefaultArgumentsDecorator object at 0x7fb7057df430>, verb_extension=<colcon_core.verb.build.BuildVerb object at 0x7fb7057dc760>, main=<bound method BuildVerb.main of <colcon_core.verb.build.BuildVerb object at 0x7fb7057dc760>>)
[1.773s] Level 1:colcon.colcon_core.package_discovery:discover_packages(colcon_meta) check parameters
[1.773s] Level 1:colcon.colcon_core.package_discovery:discover_packages(recursive) check parameters
[1.773s] Level 1:colcon.colcon_core.package_discovery:discover_packages(ignore) check parameters
[1.774s] Level 1:colcon.colcon_core.package_discovery:discover_packages(path) check parameters
[1.774s] Level 1:colcon.colcon_core.package_discovery:discover_packages(colcon_meta) discover
[1.774s] Level 1:colcon.colcon_core.package_discovery:discover_packages(recursive) discover
[1.774s] INFO:colcon.colcon_core.package_discovery:Crawling recursively for packages in '/home/dodo/zadanie_rekrutacyjne/zadanie'
[1.774s] Level 1:colcon.colcon_core.package_identification:_identify(.) by extensions ['ignore', 'ignore_ament_install']
[1.774s] Level 1:colcon.colcon_core.package_identification:_identify(.) by extension 'ignore'
[1.774s] Level 1:colcon.colcon_core.package_identification:_identify(.) by extension 'ignore_ament_install'
[1.774s] Level 1:colcon.colcon_core.package_identification:_identify(.) by extensions ['colcon_pkg']
[1.774s] Level 1:colcon.colcon_core.package_identification:_identify(.) by extension 'colcon_pkg'
[1.774s] Level 1:colcon.colcon_core.package_identification:_identify(.) by extensions ['colcon_meta']
[1.775s] Level 1:colcon.colcon_core.package_identification:_identify(.) by extension 'colcon_meta'
[1.775s] Level 1:colcon.colcon_core.package_identification:_identify(.) by extensions ['ros']
[1.775s] Level 1:colcon.colcon_core.package_identification:_identify(.) by extension 'ros'
[1.805s] Level 1:colcon.colcon_core.package_identification:_identify(.) by extensions ['cmake', 'python']
[1.805s] Level 1:colcon.colcon_core.package_identification:_identify(.) by extension 'cmake'
[1.805s] Level 1:colcon.colcon_core.package_identification:_identify(.) by extension 'python'
[1.805s] Level 1:colcon.colcon_core.package_identification:_identify(.) by extensions ['python_setup_py']
[1.805s] Level 1:colcon.colcon_core.package_identification:_identify(.) by extension 'python_setup_py'
[1.805s] Level 1:colcon.colcon_core.package_identification:_identify(build) by extensions ['ignore', 'ignore_ament_install']
[1.805s] Level 1:colcon.colcon_core.package_identification:_identify(build) by extension 'ignore'
[1.806s] Level 1:colcon.colcon_core.package_identification:_identify(build) ignored
[1.806s] Level 1:colcon.colcon_core.package_identification:_identify(install) by extensions ['ignore', 'ignore_ament_install']
[1.806s] Level 1:colcon.colcon_core.package_identification:_identify(install) by extension 'ignore'
[1.806s] Level 1:colcon.colcon_core.package_identification:_identify(install) ignored
[1.806s] Level 1:colcon.colcon_core.package_identification:_identify(log) by extensions ['ignore', 'ignore_ament_install']
[1.806s] Level 1:colcon.colcon_core.package_identification:_identify(log) by extension 'ignore'
[1.806s] Level 1:colcon.colcon_core.package_identification:_identify(log) ignored
[1.807s] Level 1:colcon.colcon_core.package_identification:_identify(src) by extensions ['ignore', 'ignore_ament_install']
[1.807s] Level 1:colcon.colcon_core.package_identification:_identify(src) by extension 'ignore'
[1.807s] Level 1:colcon.colcon_core.package_identification:_identify(src) by extension 'ignore_ament_install'
[1.807s] Level 1:colcon.colcon_core.package_identification:_identify(src) by extensions ['colcon_pkg']
[1.807s] Level 1:colcon.colcon_core.package_identification:_identify(src) by extension 'colcon_pkg'
[1.807s] Level 1:colcon.colcon_core.package_identification:_identify(src) by extensions ['colcon_meta']
[1.807s] Level 1:colcon.colcon_core.package_identification:_identify(src) by extension 'colcon_meta'
[1.807s] Level 1:colcon.colcon_core.package_identification:_identify(src) by extensions ['ros']
[1.807s] Level 1:colcon.colcon_core.package_identification:_identify(src) by extension 'ros'
[1.808s] Level 1:colcon.colcon_core.package_identification:_identify(src) by extensions ['cmake', 'python']
[1.808s] Level 1:colcon.colcon_core.package_identification:_identify(src) by extension 'cmake'
[1.808s] Level 1:colcon.colcon_core.package_identification:_identify(src) by extension 'python'
[1.808s] Level 1:colcon.colcon_core.package_identification:_identify(src) by extensions ['python_setup_py']
[1.808s] Level 1:colcon.colcon_core.package_identification:_identify(src) by extension 'python_setup_py'
[1.808s] Level 1:colcon.colcon_core.package_identification:_identify(src/plansza_pionek) by extensions ['ignore', 'ignore_ament_install']
[1.808s] Level 1:colcon.colcon_core.package_identification:_identify(src/plansza_pionek) by extension 'ignore'
[1.808s] Level 1:colcon.colcon_core.package_identification:_identify(src/plansza_pionek) by extension 'ignore_ament_install'
[1.808s] Level 1:colcon.colcon_core.package_identification:_identify(src/plansza_pionek) by extensions ['colcon_pkg']
[1.808s] Level 1:colcon.colcon_core.package_identification:_identify(src/plansza_pionek) by extension 'colcon_pkg'
[1.808s] Level 1:colcon.colcon_core.package_identification:_identify(src/plansza_pionek) by extensions ['colcon_meta']
[1.809s] Level 1:colcon.colcon_core.package_identification:_identify(src/plansza_pionek) by extension 'colcon_meta'
[1.809s] Level 1:colcon.colcon_core.package_identification:_identify(src/plansza_pionek) by extensions ['ros']
[1.809s] Level 1:colcon.colcon_core.package_identification:_identify(src/plansza_pionek) by extension 'ros'
[1.813s] DEBUG:colcon.colcon_core.package_identification:Package 'src/plansza_pionek' with type 'ros.ament_python' and name 'plansza_pionek'
[1.813s] Level 1:colcon.colcon_core.package_discovery:discover_packages(recursive) using defaults
[1.813s] Level 1:colcon.colcon_core.package_discovery:discover_packages(ignore) discover
[1.813s] Level 1:colcon.colcon_core.package_discovery:discover_packages(ignore) using defaults
[1.813s] Level 1:colcon.colcon_core.package_discovery:discover_packages(path) discover
[1.813s] Level 1:colcon.colcon_core.package_discovery:discover_packages(path) using defaults
[2.027s] Level 1:colcon.colcon_core.package_discovery:discover_packages(prefix_path) check parameters
[2.027s] Level 1:colcon.colcon_core.package_discovery:discover_packages(prefix_path) discover
[2.090s] WARNING:colcon.colcon_core.prefix_path.colcon:The path '/home/dodo/zadanie/install' in the environment variable COLCON_PREFIX_PATH doesn't exist
[2.091s] WARNING:colcon.colcon_ros.prefix_path.ament:The path '/home/dodo/zadanie/install/plansza_pionek' in the environment variable AMENT_PREFIX_PATH doesn't exist
[2.129s] DEBUG:colcon.colcon_installed_package_information.package_discovery:Found 270 installed packages in /opt/ros/humble
[2.132s] Level 1:colcon.colcon_core.package_discovery:discover_packages(prefix_path) using defaults
[2.292s] Level 5:colcon.colcon_core.verb:set package 'plansza_pionek' build argument 'cmake_args' from command line to 'None'
[2.292s] Level 5:colcon.colcon_core.verb:set package 'plansza_pionek' build argument 'cmake_target' from command line to 'None'
[2.292s] Level 5:colcon.colcon_core.verb:set package 'plansza_pionek' build argument 'cmake_target_skip_unavailable' from command line to 'False'
[2.292s] Level 5:colcon.colcon_core.verb:set package 'plansza_pionek' build argument 'cmake_clean_cache' from command line to 'False'
[2.292s] Level 5:colcon.colcon_core.verb:set package 'plansza_pionek' build argument 'cmake_clean_first' from command line to 'False'
[2.292s] Level 5:colcon.colcon_core.verb:set package 'plansza_pionek' build argument 'cmake_force_configure' from command line to 'False'
[2.292s] Level 5:colcon.colcon_core.verb:set package 'plansza_pionek' build argument 'ament_cmake_args' from command line to 'None'
[2.292s] Level 5:colcon.colcon_core.verb:set package 'plansza_pionek' build argument 'catkin_cmake_args' from command line to 'None'
[2.292s] Level 5:colcon.colcon_core.verb:set package 'plansza_pionek' build argument 'catkin_skip_building_tests' from command line to 'False'
[2.292s] DEBUG:colcon.colcon_core.verb:Building package 'plansza_pionek' with the following arguments: {'ament_cmake_args': None, 'build_base': '/home/dodo/zadanie_rekrutacyjne/zadanie/build/plansza_pionek', 'catkin_cmake_args': None, 'catkin_skip_building_tests': False, 'cmake_args': None, 'cmake_clean_cache': False, 'cmake_clean_first': False, 'cmake_force_configure': False, 'cmake_target': None, 'cmake_target_skip_unavailable': False, 'install_base': '/home/dodo/zadanie_rekrutacyjne/zadanie/install/plansza_pionek', 'merge_install': False, 'path': '/home/dodo/zadanie_rekrutacyjne/zadanie/src/plansza_pionek', 'symlink_install': False, 'test_result_base': None}
[2.326s] INFO:colcon.colcon_core.executor:Executing jobs using 'parallel' executor
[2.365s] DEBUG:colcon.colcon_parallel_executor.executor.parallel:run_until_complete
[2.366s] INFO:colcon.colcon_ros.task.ament_python.build:Building ROS package in '/home/dodo/zadanie_rekrutacyjne/zadanie/src/plansza_pionek' with build type 'ament_python'
[2.366s] Level 1:colcon.colcon_core.shell:create_environment_hook('plansza_pionek', 'ament_prefix_path')
[2.405s] INFO:colcon.colcon_core.plugin_system:Skipping extension 'colcon_core.shell.bat': Not used on non-Windows systems
[2.406s] INFO:colcon.colcon_core.shell:Creating environment hook '/home/dodo/zadanie_rekrutacyjne/zadanie/install/plansza_pionek/share/plansza_pionek/hook/ament_prefix_path.ps1'
[2.408s] INFO:colcon.colcon_core.shell:Creating environment descriptor '/home/dodo/zadanie_rekrutacyjne/zadanie/install/plansza_pionek/share/plansza_pionek/hook/ament_prefix_path.dsv'
[2.411s] INFO:colcon.colcon_core.shell:Creating environment hook '/home/dodo/zadanie_rekrutacyjne/zadanie/install/plansza_pionek/share/plansza_pionek/hook/ament_prefix_path.sh'
[2.447s] INFO:colcon.colcon_core.shell:Skip shell extension 'powershell' for command environment: Not usable outside of PowerShell
[2.447s] DEBUG:colcon.colcon_core.shell:Skip shell extension 'dsv' for command environment
[2.927s] INFO:colcon.colcon_core.task.python.build:Building Python package in '/home/dodo/zadanie_rekrutacyjne/zadanie/src/plansza_pionek'
[2.963s] INFO:colcon.colcon_core.shell:Skip shell extension 'powershell' for command environment: Not usable outside of PowerShell
[2.963s] DEBUG:colcon.colcon_core.shell:Skip shell extension 'dsv' for command environment
[3.955s] DEBUG:colcon.colcon_core.event_handler.log_command:Invoking command in '/home/dodo/zadanie_rekrutacyjne/zadanie/src/plansza_pionek': PYTHONPATH=/home/dodo/zadanie_rekrutacyjne/zadanie/build/plansza_pionek/prefix_override:/home/dodo/zadanie_rekrutacyjne/zadanie/install/plansza_pionek/lib/python3.10/site-packages:${PYTHONPATH} /usr/bin/python3 setup.py egg_info --egg-base ../../build/plansza_pionek build --build-base /home/dodo/zadanie_rekrutacyjne/zadanie/build/plansza_pionek/build install --record /home/dodo/zadanie_rekrutacyjne/zadanie/build/plansza_pionek/install.log --single-version-externally-managed
[4.898s] DEBUG:colcon.colcon_core.event_handler.log_command:Invoked command in '/home/dodo/zadanie_rekrutacyjne/zadanie/src/plansza_pionek' returned '0': PYTHONPATH=/home/dodo/zadanie_rekrutacyjne/zadanie/build/plansza_pionek/prefix_override:/home/dodo/zadanie_rekrutacyjne/zadanie/install/plansza_pionek/lib/python3.10/site-packages:${PYTHONPATH} /usr/bin/python3 setup.py egg_info --egg-base ../../build/plansza_pionek build --build-base /home/dodo/zadanie_rekrutacyjne/zadanie/build/plansza_pionek/build install --record /home/dodo/zadanie_rekrutacyjne/zadanie/build/plansza_pionek/install.log --single-version-externally-managed
[4.926s] Level 1:colcon.colcon_core.environment:checking '/home/dodo/zadanie_rekrutacyjne/zadanie/install/plansza_pionek' for CMake module files
[4.926s] Level 1:colcon.colcon_core.environment:checking '/home/dodo/zadanie_rekrutacyjne/zadanie/install/plansza_pionek' for CMake config files
[4.927s] Level 1:colcon.colcon_core.environment:checking '/home/dodo/zadanie_rekrutacyjne/zadanie/install/plansza_pionek/lib'
[4.928s] Level 1:colcon.colcon_core.environment:checking '/home/dodo/zadanie_rekrutacyjne/zadanie/install/plansza_pionek/bin'
[4.928s] Level 1:colcon.colcon_core.environment:checking '/home/dodo/zadanie_rekrutacyjne/zadanie/install/plansza_pionek/lib/pkgconfig/plansza_pionek.pc'
[4.928s] Level 1:colcon.colcon_core.environment:checking '/home/dodo/zadanie_rekrutacyjne/zadanie/install/plansza_pionek/lib/python3.10/site-packages'
[4.928s] Level 1:colcon.colcon_core.shell:create_environment_hook('plansza_pionek', 'pythonpath')
[4.953s] INFO:colcon.colcon_core.shell:Creating environment hook '/home/dodo/zadanie_rekrutacyjne/zadanie/install/plansza_pionek/share/plansza_pionek/hook/pythonpath.ps1'
[4.956s] INFO:colcon.colcon_core.shell:Creating environment descriptor '/home/dodo/zadanie_rekrutacyjne/zadanie/install/plansza_pionek/share/plansza_pionek/hook/pythonpath.dsv'
[4.958s] INFO:colcon.colcon_core.shell:Creating environment hook '/home/dodo/zadanie_rekrutacyjne/zadanie/install/plansza_pionek/share/plansza_pionek/hook/pythonpath.sh'
[4.960s] Level 1:colcon.colcon_core.environment:checking '/home/dodo/zadanie_rekrutacyjne/zadanie/install/plansza_pionek/bin'
[4.960s] Level 1:colcon.colcon_core.environment:create_environment_scripts_only(plansza_pionek)
[4.985s] INFO:colcon.colcon_core.shell:Creating package script '/home/dodo/zadanie_rekrutacyjne/zadanie/install/plansza_pionek/share/plansza_pionek/package.ps1'
[4.988s] INFO:colcon.colcon_core.shell:Creating package descriptor '/home/dodo/zadanie_rekrutacyjne/zadanie/install/plansza_pionek/share/plansza_pionek/package.dsv'
[4.992s] INFO:colcon.colcon_core.shell:Creating package script '/home/dodo/zadanie_rekrutacyjne/zadanie/install/plansza_pionek/share/plansza_pionek/package.sh'
[4.994s] INFO:colcon.colcon_core.shell:Creating package script '/home/dodo/zadanie_rekrutacyjne/zadanie/install/plansza_pionek/share/plansza_pionek/package.bash'
[4.996s] INFO:colcon.colcon_core.shell:Creating package script '/home/dodo/zadanie_rekrutacyjne/zadanie/install/plansza_pionek/share/plansza_pionek/package.zsh'
[4.998s] Level 1:colcon.colcon_core.environment:create_file_with_runtime_dependencies(/home/dodo/zadanie_rekrutacyjne/zadanie/install/plansza_pionek/share/colcon-core/packages/plansza_pionek)
[4.999s] DEBUG:colcon.colcon_parallel_executor.executor.parallel:closing loop
[5.001s] DEBUG:colcon.colcon_parallel_executor.executor.parallel:loop closed
[5.001s] DEBUG:colcon.colcon_parallel_executor.executor.parallel:run_until_complete finished with '0'
[5.001s] DEBUG:colcon.colcon_core.event_reactor:joining thread
[5.037s] INFO:colcon.colcon_core.plugin_system:Skipping extension 'colcon_notification.desktop_notification.terminal_notifier': Not used on non-Darwin systems
[5.038s] INFO:colcon.colcon_core.plugin_system:Skipping extension 'colcon_notification.desktop_notification.win32': Not used on non-Windows systems
[5.038s] INFO:colcon.colcon_notification.desktop_notification:Sending desktop notification using 'notify2'
[5.073s] DEBUG:colcon.colcon_core.event_reactor:joined thread
[5.103s] INFO:colcon.colcon_core.shell:Creating prefix script '/home/dodo/zadanie_rekrutacyjne/zadanie/install/local_setup.ps1'
[5.105s] INFO:colcon.colcon_core.shell:Creating prefix util module '/home/dodo/zadanie_rekrutacyjne/zadanie/install/_local_setup_util_ps1.py'
[5.108s] INFO:colcon.colcon_core.shell:Creating prefix chain script '/home/dodo/zadanie_rekrutacyjne/zadanie/install/setup.ps1'
[5.141s] INFO:colcon.colcon_core.shell:Creating prefix script '/home/dodo/zadanie_rekrutacyjne/zadanie/install/local_setup.sh'
[5.144s] INFO:colcon.colcon_core.shell:Creating prefix util module '/home/dodo/zadanie_rekrutacyjne/zadanie/install/_local_setup_util_sh.py'
[5.145s] INFO:colcon.colcon_core.shell:Creating prefix chain script '/home/dodo/zadanie_rekrutacyjne/zadanie/install/setup.sh'
[5.175s] INFO:colcon.colcon_core.shell:Creating prefix script '/home/dodo/zadanie_rekrutacyjne/zadanie/install/local_setup.bash'
[5.176s] INFO:colcon.colcon_core.shell:Creating prefix chain script '/home/dodo/zadanie_rekrutacyjne/zadanie/install/setup.bash'
[5.206s] INFO:colcon.colcon_core.shell:Creating prefix script '/home/dodo/zadanie_rekrutacyjne/zadanie/install/local_setup.zsh'
[5.209s] INFO:colcon.colcon_core.shell:Creating prefix chain script '/home/dodo/zadanie_rekrutacyjne/zadanie/install/setup.zsh'
