running egg_info
creating ../../build/plansza_pionek/plansza_pionek.egg-info
writing ../../build/plansza_pionek/plansza_pionek.egg-info/PKG-INFO
writing dependency_links to ../../build/plansza_pionek/plansza_pionek.egg-info/dependency_links.txt
writing entry points to ../../build/plansza_pionek/plansza_pionek.egg-info/entry_points.txt
writing requirements to ../../build/plansza_pionek/plansza_pionek.egg-info/requires.txt
writing top-level names to ../../build/plansza_pionek/plansza_pionek.egg-info/top_level.txt
writing manifest file '../../build/plansza_pionek/plansza_pionek.egg-info/SOURCES.txt'
reading manifest file '../../build/plansza_pionek/plansza_pionek.egg-info/SOURCES.txt'
writing manifest file '../../build/plansza_pionek/plansza_pionek.egg-info/SOURCES.txt'
running build
running build_py
creating /home/dodo/zadanie/build/plansza_pionek/build
creating /home/dodo/zadanie/build/plansza_pionek/build/lib
creating /home/dodo/zadanie/build/plansza_pionek/build/lib/plansza_pionek
copying plansza_pionek/plansza_i_pionek.py -> /home/dodo/zadanie/build/plansza_pionek/build/lib/plansza_pionek
copying plansza_pionek/__init__.py -> /home/dodo/zadanie/build/plansza_pionek/build/lib/plansza_pionek
copying plansza_pionek/ruch.py -> /home/dodo/zadanie/build/plansza_pionek/build/lib/plansza_pionek
running install
/home/dodo/.local/lib/python3.10/site-packages/setuptools/_distutils/cmd.py:66: SetuptoolsDeprecationWarning: setup.py install is deprecated.
!!

        ********************************************************************************
        Please avoid running ``setup.py`` directly.
        Instead, use pypa/build, pypa/installer or other
        standards-based tools.

        See https://blog.ganssle.io/articles/2021/10/setup-py-deprecated.html for details.
        ********************************************************************************

!!
  self.initialize_options()
running install_lib
creating /home/dodo/zadanie/install/plansza_pionek/lib/python3.10/site-packages/plansza_pionek
copying /home/dodo/zadanie/build/plansza_pionek/build/lib/plansza_pionek/plansza_i_pionek.py -> /home/dodo/zadanie/install/plansza_pionek/lib/python3.10/site-packages/plansza_pionek
copying /home/dodo/zadanie/build/plansza_pionek/build/lib/plansza_pionek/__init__.py -> /home/dodo/zadanie/install/plansza_pionek/lib/python3.10/site-packages/plansza_pionek
copying /home/dodo/zadanie/build/plansza_pionek/build/lib/plansza_pionek/ruch.py -> /home/dodo/zadanie/install/plansza_pionek/lib/python3.10/site-packages/plansza_pionek
byte-compiling /home/dodo/zadanie/install/plansza_pionek/lib/python3.10/site-packages/plansza_pionek/plansza_i_pionek.py to plansza_i_pionek.cpython-310.pyc
byte-compiling /home/dodo/zadanie/install/plansza_pionek/lib/python3.10/site-packages/plansza_pionek/__init__.py to __init__.cpython-310.pyc
byte-compiling /home/dodo/zadanie/install/plansza_pionek/lib/python3.10/site-packages/plansza_pionek/ruch.py to ruch.cpython-310.pyc
running install_data
creating /home/dodo/zadanie/install/plansza_pionek/share/ament_index
creating /home/dodo/zadanie/install/plansza_pionek/share/ament_index/resource_index
creating /home/dodo/zadanie/install/plansza_pionek/share/ament_index/resource_index/packages
copying resource/plansza_pionek -> /home/dodo/zadanie/install/plansza_pionek/share/ament_index/resource_index/packages
copying package.xml -> /home/dodo/zadanie/install/plansza_pionek/share/plansza_pionek
running install_egg_info
Copying ../../build/plansza_pionek/plansza_pionek.egg-info to /home/dodo/zadanie/install/plansza_pionek/lib/python3.10/site-packages/plansza_pionek-0.0.0-py3.10.egg-info
running install_scripts
Installing plansza_pionek script to /home/dodo/zadanie/install/plansza_pionek/lib/plansza_pionek
Installing ruch script to /home/dodo/zadanie/install/plansza_pionek/lib/plansza_pionek
writing list of installed files to '/home/dodo/zadanie/build/plansza_pionek/install.log'
