[2.021s] DEBUG:colcon:Command line arguments: ['/usr/bin/colcon', 'build']
[2.021s] DEBUG:colcon:Parsed command line arguments: Namespace(log_base=None, log_level=None, verb_name='build', build_base='build', install_base='install', merge_install=False, symlink_install=False, test_result_base=None, continue_on_error=False, executor='parallel', parallel_workers=2, event_handlers=None, ignore_user_meta=False, metas=['./colcon.meta'], base_paths=['.'], packages_ignore=None, packages_ignore_regex=None, paths=None, packages_up_to=None, packages_up_to_regex=None, packages_above=None, packages_above_and_dependencies=None, packages_above_depth=None, packages_select_by_dep=None, packages_skip_by_dep=None, packages_skip_up_to=None, packages_select_build_failed=False, packages_skip_build_finished=False, packages_select_test_failures=False, packages_skip_test_passed=False, packages_select=None, packages_skip=None, packages_select_regex=None, packages_skip_regex=None, packages_start=None, packages_end=None, allow_overriding=[], cmake_args=None, cmake_target=None, cmake_target_skip_unavailable=False, cmake_clean_cache=False, cmake_clean_first=False, cmake_force_configure=False, ament_cmake_args=None, catkin_cmake_args=None, catkin_skip_building_tests=False, verb_parser=<colcon_defaults.argument_parser.defaults.DefaultArgumentsDecorator object at 0x7fd4966db3d0>, verb_extension=<colcon_core.verb.build.BuildVerb object at 0x7fd4966d8760>, main=<bound method BuildVerb.main of <colcon_core.verb.build.BuildVerb object at 0x7fd4966d8760>>)
[2.135s] Level 1:colcon.colcon_core.package_discovery:discover_packages(colcon_meta) check parameters
[2.135s] Level 1:colcon.colcon_core.package_discovery:discover_packages(recursive) check parameters
[2.135s] Level 1:colcon.colcon_core.package_discovery:discover_packages(ignore) check parameters
[2.135s] Level 1:colcon.colcon_core.package_discovery:discover_packages(path) check parameters
[2.135s] Level 1:colcon.colcon_core.package_discovery:discover_packages(colcon_meta) discover
[2.135s] Level 1:colcon.colcon_core.package_discovery:discover_packages(recursive) discover
[2.135s] INFO:colcon.colcon_core.package_discovery:Crawling recursively for packages in '/home/dodo/zadanie'
[2.135s] Level 1:colcon.colcon_core.package_identification:_identify(.) by extensions ['ignore', 'ignore_ament_install']
[2.135s] Level 1:colcon.colcon_core.package_identification:_identify(.) by extension 'ignore'
[2.136s] Level 1:colcon.colcon_core.package_identification:_identify(.) by extension 'ignore_ament_install'
[2.136s] Level 1:colcon.colcon_core.package_identification:_identify(.) by extensions ['colcon_pkg']
[2.136s] Level 1:colcon.colcon_core.package_identification:_identify(.) by extension 'colcon_pkg'
[2.136s] Level 1:colcon.colcon_core.package_identification:_identify(.) by extensions ['colcon_meta']
[2.136s] Level 1:colcon.colcon_core.package_identification:_identify(.) by extension 'colcon_meta'
[2.136s] Level 1:colcon.colcon_core.package_identification:_identify(.) by extensions ['ros']
[2.136s] Level 1:colcon.colcon_core.package_identification:_identify(.) by extension 'ros'
[2.162s] Level 1:colcon.colcon_core.package_identification:_identify(.) by extensions ['cmake', 'python']
[2.162s] Level 1:colcon.colcon_core.package_identification:_identify(.) by extension 'cmake'
[2.162s] Level 1:colcon.colcon_core.package_identification:_identify(.) by extension 'python'
[2.163s] Level 1:colcon.colcon_core.package_identification:_identify(.) by extensions ['python_setup_py']
[2.163s] Level 1:colcon.colcon_core.package_identification:_identify(.) by extension 'python_setup_py'
[2.163s] Level 1:colcon.colcon_core.package_identification:_identify(build) by extensions ['ignore', 'ignore_ament_install']
[2.163s] Level 1:colcon.colcon_core.package_identification:_identify(build) by extension 'ignore'
[2.163s] Level 1:colcon.colcon_core.package_identification:_identify(build) ignored
[2.163s] Level 1:colcon.colcon_core.package_identification:_identify(install) by extensions ['ignore', 'ignore_ament_install']
[2.163s] Level 1:colcon.colcon_core.package_identification:_identify(install) by extension 'ignore'
[2.164s] Level 1:colcon.colcon_core.package_identification:_identify(install) ignored
[2.164s] Level 1:colcon.colcon_core.package_identification:_identify(log) by extensions ['ignore', 'ignore_ament_install']
[2.164s] Level 1:colcon.colcon_core.package_identification:_identify(log) by extension 'ignore'
[2.164s] Level 1:colcon.colcon_core.package_identification:_identify(log) ignored
[2.164s] Level 1:colcon.colcon_core.package_identification:_identify(src) by extensions ['ignore', 'ignore_ament_install']
[2.164s] Level 1:colcon.colcon_core.package_identification:_identify(src) by extension 'ignore'
[2.164s] Level 1:colcon.colcon_core.package_identification:_identify(src) by extension 'ignore_ament_install'
[2.164s] Level 1:colcon.colcon_core.package_identification:_identify(src) by extensions ['colcon_pkg']
[2.164s] Level 1:colcon.colcon_core.package_identification:_identify(src) by extension 'colcon_pkg'
[2.165s] Level 1:colcon.colcon_core.package_identification:_identify(src) by extensions ['colcon_meta']
[2.165s] Level 1:colcon.colcon_core.package_identification:_identify(src) by extension 'colcon_meta'
[2.165s] Level 1:colcon.colcon_core.package_identification:_identify(src) by extensions ['ros']
[2.165s] Level 1:colcon.colcon_core.package_identification:_identify(src) by extension 'ros'
[2.165s] Level 1:colcon.colcon_core.package_identification:_identify(src) by extensions ['cmake', 'python']
[2.165s] Level 1:colcon.colcon_core.package_identification:_identify(src) by extension 'cmake'
[2.165s] Level 1:colcon.colcon_core.package_identification:_identify(src) by extension 'python'
[2.165s] Level 1:colcon.colcon_core.package_identification:_identify(src) by extensions ['python_setup_py']
[2.165s] Level 1:colcon.colcon_core.package_identification:_identify(src) by extension 'python_setup_py'
[2.165s] Level 1:colcon.colcon_core.package_identification:_identify(src/plansza_pionek) by extensions ['ignore', 'ignore_ament_install']
[2.165s] Level 1:colcon.colcon_core.package_identification:_identify(src/plansza_pionek) by extension 'ignore'
[2.165s] Level 1:colcon.colcon_core.package_identification:_identify(src/plansza_pionek) by extension 'ignore_ament_install'
[2.166s] Level 1:colcon.colcon_core.package_identification:_identify(src/plansza_pionek) by extensions ['colcon_pkg']
[2.166s] Level 1:colcon.colcon_core.package_identification:_identify(src/plansza_pionek) by extension 'colcon_pkg'
[2.166s] Level 1:colcon.colcon_core.package_identification:_identify(src/plansza_pionek) by extensions ['colcon_meta']
[2.166s] Level 1:colcon.colcon_core.package_identification:_identify(src/plansza_pionek) by extension 'colcon_meta'
[2.166s] Level 1:colcon.colcon_core.package_identification:_identify(src/plansza_pionek) by extensions ['ros']
[2.166s] Level 1:colcon.colcon_core.package_identification:_identify(src/plansza_pionek) by extension 'ros'
[2.171s] DEBUG:colcon.colcon_core.package_identification:Package 'src/plansza_pionek' with type 'ros.ament_python' and name 'plansza_pionek'
[2.171s] Level 1:colcon.colcon_core.package_discovery:discover_packages(recursive) using defaults
[2.171s] Level 1:colcon.colcon_core.package_discovery:discover_packages(ignore) discover
[2.171s] Level 1:colcon.colcon_core.package_discovery:discover_packages(ignore) using defaults
[2.171s] Level 1:colcon.colcon_core.package_discovery:discover_packages(path) discover
[2.171s] Level 1:colcon.colcon_core.package_discovery:discover_packages(path) using defaults
[2.345s] Level 1:colcon.colcon_core.package_discovery:discover_packages(prefix_path) check parameters
[2.346s] Level 1:colcon.colcon_core.package_discovery:discover_packages(prefix_path) discover
[2.405s] DEBUG:colcon.colcon_installed_package_information.package_discovery:Found 1 installed packages in /home/dodo/zadanie/install
[2.437s] DEBUG:colcon.colcon_installed_package_information.package_discovery:Found 270 installed packages in /opt/ros/humble
[2.440s] Level 1:colcon.colcon_core.package_discovery:discover_packages(prefix_path) using defaults
[2.588s] Level 5:colcon.colcon_core.verb:set package 'plansza_pionek' build argument 'cmake_args' from command line to 'None'
[2.588s] Level 5:colcon.colcon_core.verb:set package 'plansza_pionek' build argument 'cmake_target' from command line to 'None'
[2.588s] Level 5:colcon.colcon_core.verb:set package 'plansza_pionek' build argument 'cmake_target_skip_unavailable' from command line to 'False'
[2.588s] Level 5:colcon.colcon_core.verb:set package 'plansza_pionek' build argument 'cmake_clean_cache' from command line to 'False'
[2.588s] Level 5:colcon.colcon_core.verb:set package 'plansza_pionek' build argument 'cmake_clean_first' from command line to 'False'
[2.588s] Level 5:colcon.colcon_core.verb:set package 'plansza_pionek' build argument 'cmake_force_configure' from command line to 'False'
[2.588s] Level 5:colcon.colcon_core.verb:set package 'plansza_pionek' build argument 'ament_cmake_args' from command line to 'None'
[2.588s] Level 5:colcon.colcon_core.verb:set package 'plansza_pionek' build argument 'catkin_cmake_args' from command line to 'None'
[2.588s] Level 5:colcon.colcon_core.verb:set package 'plansza_pionek' build argument 'catkin_skip_building_tests' from command line to 'False'
[2.588s] DEBUG:colcon.colcon_core.verb:Building package 'plansza_pionek' with the following arguments: {'ament_cmake_args': None, 'build_base': '/home/dodo/zadanie/build/plansza_pionek', 'catkin_cmake_args': None, 'catkin_skip_building_tests': False, 'cmake_args': None, 'cmake_clean_cache': False, 'cmake_clean_first': False, 'cmake_force_configure': False, 'cmake_target': None, 'cmake_target_skip_unavailable': False, 'install_base': '/home/dodo/zadanie/install/plansza_pionek', 'merge_install': False, 'path': '/home/dodo/zadanie/src/plansza_pionek', 'symlink_install': False, 'test_result_base': None}
[2.616s] INFO:colcon.colcon_core.executor:Executing jobs using 'parallel' executor
[2.644s] DEBUG:colcon.colcon_parallel_executor.executor.parallel:run_until_complete
[2.645s] INFO:colcon.colcon_ros.task.ament_python.build:Building ROS package in '/home/dodo/zadanie/src/plansza_pionek' with build type 'ament_python'
[2.645s] Level 1:colcon.colcon_core.shell:create_environment_hook('plansza_pionek', 'ament_prefix_path')
[2.692s] INFO:colcon.colcon_core.plugin_system:Skipping extension 'colcon_core.shell.bat': Not used on non-Windows systems
[2.692s] INFO:colcon.colcon_core.shell:Creating environment hook '/home/dodo/zadanie/install/plansza_pionek/share/plansza_pionek/hook/ament_prefix_path.ps1'
[2.695s] INFO:colcon.colcon_core.shell:Creating environment descriptor '/home/dodo/zadanie/install/plansza_pionek/share/plansza_pionek/hook/ament_prefix_path.dsv'
[2.696s] INFO:colcon.colcon_core.shell:Creating environment hook '/home/dodo/zadanie/install/plansza_pionek/share/plansza_pionek/hook/ament_prefix_path.sh'
[2.727s] INFO:colcon.colcon_core.shell:Skip shell extension 'powershell' for command environment: Not usable outside of PowerShell
[2.727s] DEBUG:colcon.colcon_core.shell:Skip shell extension 'dsv' for command environment
[3.173s] INFO:colcon.colcon_core.task.python.build:Building Python package in '/home/dodo/zadanie/src/plansza_pionek'
[3.207s] INFO:colcon.colcon_core.shell:Skip shell extension 'powershell' for command environment: Not usable outside of PowerShell
[3.208s] DEBUG:colcon.colcon_core.shell:Skip shell extension 'dsv' for command environment
[4.352s] DEBUG:colcon.colcon_core.event_handler.log_command:Invoking command in '/home/dodo/zadanie/src/plansza_pionek': PYTHONPATH=/home/dodo/zadanie/build/plansza_pionek/prefix_override:/home/dodo/zadanie/install/plansza_pionek/lib/python3.10/site-packages:${PYTHONPATH} /usr/bin/python3 setup.py egg_info --egg-base ../../build/plansza_pionek build --build-base /home/dodo/zadanie/build/plansza_pionek/build install --record /home/dodo/zadanie/build/plansza_pionek/install.log --single-version-externally-managed
[5.245s] DEBUG:colcon.colcon_core.event_handler.log_command:Invoked command in '/home/dodo/zadanie/src/plansza_pionek' returned '0': PYTHONPATH=/home/dodo/zadanie/build/plansza_pionek/prefix_override:/home/dodo/zadanie/install/plansza_pionek/lib/python3.10/site-packages:${PYTHONPATH} /usr/bin/python3 setup.py egg_info --egg-base ../../build/plansza_pionek build --build-base /home/dodo/zadanie/build/plansza_pionek/build install --record /home/dodo/zadanie/build/plansza_pionek/install.log --single-version-externally-managed
[5.287s] Level 1:colcon.colcon_core.environment:checking '/home/dodo/zadanie/install/plansza_pionek' for CMake module files
[5.287s] Level 1:colcon.colcon_core.environment:checking '/home/dodo/zadanie/install/plansza_pionek' for CMake config files
[5.289s] Level 1:colcon.colcon_core.environment:checking '/home/dodo/zadanie/install/plansza_pionek/lib'
[5.289s] Level 1:colcon.colcon_core.environment:checking '/home/dodo/zadanie/install/plansza_pionek/bin'
[5.289s] Level 1:colcon.colcon_core.environment:checking '/home/dodo/zadanie/install/plansza_pionek/lib/pkgconfig/plansza_pionek.pc'
[5.289s] Level 1:colcon.colcon_core.environment:checking '/home/dodo/zadanie/install/plansza_pionek/lib/python3.10/site-packages'
[5.290s] Level 1:colcon.colcon_core.shell:create_environment_hook('plansza_pionek', 'pythonpath')
[5.319s] INFO:colcon.colcon_core.shell:Creating environment hook '/home/dodo/zadanie/install/plansza_pionek/share/plansza_pionek/hook/pythonpath.ps1'
[5.321s] INFO:colcon.colcon_core.shell:Creating environment descriptor '/home/dodo/zadanie/install/plansza_pionek/share/plansza_pionek/hook/pythonpath.dsv'
[5.323s] INFO:colcon.colcon_core.shell:Creating environment hook '/home/dodo/zadanie/install/plansza_pionek/share/plansza_pionek/hook/pythonpath.sh'
[5.324s] Level 1:colcon.colcon_core.environment:checking '/home/dodo/zadanie/install/plansza_pionek/bin'
[5.324s] Level 1:colcon.colcon_core.environment:create_environment_scripts_only(plansza_pionek)
[5.349s] INFO:colcon.colcon_core.shell:Creating package script '/home/dodo/zadanie/install/plansza_pionek/share/plansza_pionek/package.ps1'
[5.352s] INFO:colcon.colcon_core.shell:Creating package descriptor '/home/dodo/zadanie/install/plansza_pionek/share/plansza_pionek/package.dsv'
[5.354s] INFO:colcon.colcon_core.shell:Creating package script '/home/dodo/zadanie/install/plansza_pionek/share/plansza_pionek/package.sh'
[5.356s] INFO:colcon.colcon_core.shell:Creating package script '/home/dodo/zadanie/install/plansza_pionek/share/plansza_pionek/package.bash'
[5.358s] INFO:colcon.colcon_core.shell:Creating package script '/home/dodo/zadanie/install/plansza_pionek/share/plansza_pionek/package.zsh'
[5.360s] Level 1:colcon.colcon_core.environment:create_file_with_runtime_dependencies(/home/dodo/zadanie/install/plansza_pionek/share/colcon-core/packages/plansza_pionek)
[5.362s] DEBUG:colcon.colcon_parallel_executor.executor.parallel:closing loop
[5.363s] DEBUG:colcon.colcon_parallel_executor.executor.parallel:loop closed
[5.363s] DEBUG:colcon.colcon_parallel_executor.executor.parallel:run_until_complete finished with '0'
[5.364s] DEBUG:colcon.colcon_core.event_reactor:joining thread
[5.399s] INFO:colcon.colcon_core.plugin_system:Skipping extension 'colcon_notification.desktop_notification.terminal_notifier': Not used on non-Darwin systems
[5.399s] INFO:colcon.colcon_core.plugin_system:Skipping extension 'colcon_notification.desktop_notification.win32': Not used on non-Windows systems
[5.399s] INFO:colcon.colcon_notification.desktop_notification:Sending desktop notification using 'notify2'
[5.435s] DEBUG:colcon.colcon_core.event_reactor:joined thread
[5.461s] INFO:colcon.colcon_core.shell:Creating prefix script '/home/dodo/zadanie/install/local_setup.ps1'
[5.465s] INFO:colcon.colcon_core.shell:Creating prefix util module '/home/dodo/zadanie/install/_local_setup_util_ps1.py'
[5.468s] INFO:colcon.colcon_core.shell:Creating prefix chain script '/home/dodo/zadanie/install/setup.ps1'
[5.498s] INFO:colcon.colcon_core.shell:Creating prefix script '/home/dodo/zadanie/install/local_setup.sh'
[5.501s] INFO:colcon.colcon_core.shell:Creating prefix util module '/home/dodo/zadanie/install/_local_setup_util_sh.py'
[5.504s] INFO:colcon.colcon_core.shell:Creating prefix chain script '/home/dodo/zadanie/install/setup.sh'
[5.540s] INFO:colcon.colcon_core.shell:Creating prefix script '/home/dodo/zadanie/install/local_setup.bash'
[5.543s] INFO:colcon.colcon_core.shell:Creating prefix chain script '/home/dodo/zadanie/install/setup.bash'
[5.577s] INFO:colcon.colcon_core.shell:Creating prefix script '/home/dodo/zadanie/install/local_setup.zsh'
[5.579s] INFO:colcon.colcon_core.shell:Creating prefix chain script '/home/dodo/zadanie/install/setup.zsh'
