[3.477s] DEBUG:colcon:Command line arguments: ['/usr/bin/colcon', 'build']
[3.477s] DEBUG:colcon:Parsed command line arguments: Namespace(log_base=None, log_level=None, verb_name='build', build_base='build', install_base='install', merge_install=False, symlink_install=False, test_result_base=None, continue_on_error=False, executor='parallel', parallel_workers=2, event_handlers=None, ignore_user_meta=False, metas=['./colcon.meta'], base_paths=['.'], packages_ignore=None, packages_ignore_regex=None, paths=None, packages_up_to=None, packages_up_to_regex=None, packages_above=None, packages_above_and_dependencies=None, packages_above_depth=None, packages_select_by_dep=None, packages_skip_by_dep=None, packages_skip_up_to=None, packages_select_build_failed=False, packages_skip_build_finished=False, packages_select_test_failures=False, packages_skip_test_passed=False, packages_select=None, packages_skip=None, packages_select_regex=None, packages_skip_regex=None, packages_start=None, packages_end=None, allow_overriding=[], cmake_args=None, cmake_target=None, cmake_target_skip_unavailable=False, cmake_clean_cache=False, cmake_clean_first=False, cmake_force_configure=False, ament_cmake_args=None, catkin_cmake_args=None, catkin_skip_building_tests=False, verb_parser=<colcon_defaults.argument_parser.defaults.DefaultArgumentsDecorator object at 0x7feebe1f6f50>, verb_extension=<colcon_core.verb.build.BuildVerb object at 0x7feebe1f55d0>, main=<bound method BuildVerb.main of <colcon_core.verb.build.BuildVerb object at 0x7feebe1f55d0>>)
[3.821s] Level 1:colcon.colcon_core.package_discovery:discover_packages(colcon_meta) check parameters
[3.821s] Level 1:colcon.colcon_core.package_discovery:discover_packages(recursive) check parameters
[3.821s] Level 1:colcon.colcon_core.package_discovery:discover_packages(ignore) check parameters
[3.821s] Level 1:colcon.colcon_core.package_discovery:discover_packages(path) check parameters
[3.821s] Level 1:colcon.colcon_core.package_discovery:discover_packages(colcon_meta) discover
[3.821s] Level 1:colcon.colcon_core.package_discovery:discover_packages(recursive) discover
[3.821s] INFO:colcon.colcon_core.package_discovery:Crawling recursively for packages in '/home/dodo/zadanie'
[3.821s] Level 1:colcon.colcon_core.package_identification:_identify(.) by extensions ['ignore', 'ignore_ament_install']
[3.821s] Level 1:colcon.colcon_core.package_identification:_identify(.) by extension 'ignore'
[3.822s] Level 1:colcon.colcon_core.package_identification:_identify(.) by extension 'ignore_ament_install'
[3.822s] Level 1:colcon.colcon_core.package_identification:_identify(.) by extensions ['colcon_pkg']
[3.822s] Level 1:colcon.colcon_core.package_identification:_identify(.) by extension 'colcon_pkg'
[3.822s] Level 1:colcon.colcon_core.package_identification:_identify(.) by extensions ['colcon_meta']
[3.822s] Level 1:colcon.colcon_core.package_identification:_identify(.) by extension 'colcon_meta'
[3.822s] Level 1:colcon.colcon_core.package_identification:_identify(.) by extensions ['ros']
[3.822s] Level 1:colcon.colcon_core.package_identification:_identify(.) by extension 'ros'
[3.854s] Level 1:colcon.colcon_core.package_identification:_identify(.) by extensions ['cmake', 'python']
[3.854s] Level 1:colcon.colcon_core.package_identification:_identify(.) by extension 'cmake'
[3.854s] Level 1:colcon.colcon_core.package_identification:_identify(.) by extension 'python'
[3.855s] Level 1:colcon.colcon_core.package_identification:_identify(.) by extensions ['python_setup_py']
[3.855s] Level 1:colcon.colcon_core.package_identification:_identify(.) by extension 'python_setup_py'
[3.856s] Level 1:colcon.colcon_core.package_identification:_identify(build) by extensions ['ignore', 'ignore_ament_install']
[3.856s] Level 1:colcon.colcon_core.package_identification:_identify(build) by extension 'ignore'
[3.856s] Level 1:colcon.colcon_core.package_identification:_identify(build) ignored
[3.857s] Level 1:colcon.colcon_core.package_identification:_identify(install) by extensions ['ignore', 'ignore_ament_install']
[3.857s] Level 1:colcon.colcon_core.package_identification:_identify(install) by extension 'ignore'
[3.857s] Level 1:colcon.colcon_core.package_identification:_identify(install) ignored
[3.857s] Level 1:colcon.colcon_core.package_identification:_identify(log) by extensions ['ignore', 'ignore_ament_install']
[3.857s] Level 1:colcon.colcon_core.package_identification:_identify(log) by extension 'ignore'
[3.857s] Level 1:colcon.colcon_core.package_identification:_identify(log) ignored
[3.857s] Level 1:colcon.colcon_core.package_identification:_identify(src) by extensions ['ignore', 'ignore_ament_install']
[3.858s] Level 1:colcon.colcon_core.package_identification:_identify(src) by extension 'ignore'
[3.858s] Level 1:colcon.colcon_core.package_identification:_identify(src) by extension 'ignore_ament_install'
[3.858s] Level 1:colcon.colcon_core.package_identification:_identify(src) by extensions ['colcon_pkg']
[3.858s] Level 1:colcon.colcon_core.package_identification:_identify(src) by extension 'colcon_pkg'
[3.858s] Level 1:colcon.colcon_core.package_identification:_identify(src) by extensions ['colcon_meta']
[3.858s] Level 1:colcon.colcon_core.package_identification:_identify(src) by extension 'colcon_meta'
[3.858s] Level 1:colcon.colcon_core.package_identification:_identify(src) by extensions ['ros']
[3.858s] Level 1:colcon.colcon_core.package_identification:_identify(src) by extension 'ros'
[3.858s] Level 1:colcon.colcon_core.package_identification:_identify(src) by extensions ['cmake', 'python']
[3.858s] Level 1:colcon.colcon_core.package_identification:_identify(src) by extension 'cmake'
[3.858s] Level 1:colcon.colcon_core.package_identification:_identify(src) by extension 'python'
[3.858s] Level 1:colcon.colcon_core.package_identification:_identify(src) by extensions ['python_setup_py']
[3.859s] Level 1:colcon.colcon_core.package_identification:_identify(src) by extension 'python_setup_py'
[3.859s] Level 1:colcon.colcon_core.package_identification:_identify(src/plansza_pionek) by extensions ['ignore', 'ignore_ament_install']
[3.859s] Level 1:colcon.colcon_core.package_identification:_identify(src/plansza_pionek) by extension 'ignore'
[3.859s] Level 1:colcon.colcon_core.package_identification:_identify(src/plansza_pionek) by extension 'ignore_ament_install'
[3.859s] Level 1:colcon.colcon_core.package_identification:_identify(src/plansza_pionek) by extensions ['colcon_pkg']
[3.859s] Level 1:colcon.colcon_core.package_identification:_identify(src/plansza_pionek) by extension 'colcon_pkg'
[3.859s] Level 1:colcon.colcon_core.package_identification:_identify(src/plansza_pionek) by extensions ['colcon_meta']
[3.859s] Level 1:colcon.colcon_core.package_identification:_identify(src/plansza_pionek) by extension 'colcon_meta'
[3.859s] Level 1:colcon.colcon_core.package_identification:_identify(src/plansza_pionek) by extensions ['ros']
[3.859s] Level 1:colcon.colcon_core.package_identification:_identify(src/plansza_pionek) by extension 'ros'
[3.870s] DEBUG:colcon.colcon_core.package_identification:Package 'src/plansza_pionek' with type 'ros.ament_python' and name 'plansza_pionek'
[3.870s] Level 1:colcon.colcon_core.package_discovery:discover_packages(recursive) using defaults
[3.870s] Level 1:colcon.colcon_core.package_discovery:discover_packages(ignore) discover
[3.870s] Level 1:colcon.colcon_core.package_discovery:discover_packages(ignore) using defaults
[3.870s] Level 1:colcon.colcon_core.package_discovery:discover_packages(path) discover
[3.870s] Level 1:colcon.colcon_core.package_discovery:discover_packages(path) using defaults
[4.206s] Level 1:colcon.colcon_core.package_discovery:discover_packages(prefix_path) check parameters
[4.207s] Level 1:colcon.colcon_core.package_discovery:discover_packages(prefix_path) discover
[4.294s] DEBUG:colcon.colcon_installed_package_information.package_discovery:Found 270 installed packages in /opt/ros/humble
[4.296s] Level 1:colcon.colcon_core.package_discovery:discover_packages(prefix_path) using defaults
[4.462s] Level 5:colcon.colcon_core.verb:set package 'plansza_pionek' build argument 'cmake_args' from command line to 'None'
[4.462s] Level 5:colcon.colcon_core.verb:set package 'plansza_pionek' build argument 'cmake_target' from command line to 'None'
[4.463s] Level 5:colcon.colcon_core.verb:set package 'plansza_pionek' build argument 'cmake_target_skip_unavailable' from command line to 'False'
[4.463s] Level 5:colcon.colcon_core.verb:set package 'plansza_pionek' build argument 'cmake_clean_cache' from command line to 'False'
[4.463s] Level 5:colcon.colcon_core.verb:set package 'plansza_pionek' build argument 'cmake_clean_first' from command line to 'False'
[4.463s] Level 5:colcon.colcon_core.verb:set package 'plansza_pionek' build argument 'cmake_force_configure' from command line to 'False'
[4.463s] Level 5:colcon.colcon_core.verb:set package 'plansza_pionek' build argument 'ament_cmake_args' from command line to 'None'
[4.463s] Level 5:colcon.colcon_core.verb:set package 'plansza_pionek' build argument 'catkin_cmake_args' from command line to 'None'
[4.463s] Level 5:colcon.colcon_core.verb:set package 'plansza_pionek' build argument 'catkin_skip_building_tests' from command line to 'False'
[4.463s] DEBUG:colcon.colcon_core.verb:Building package 'plansza_pionek' with the following arguments: {'ament_cmake_args': None, 'build_base': '/home/dodo/zadanie/build/plansza_pionek', 'catkin_cmake_args': None, 'catkin_skip_building_tests': False, 'cmake_args': None, 'cmake_clean_cache': False, 'cmake_clean_first': False, 'cmake_force_configure': False, 'cmake_target': None, 'cmake_target_skip_unavailable': False, 'install_base': '/home/dodo/zadanie/install/plansza_pionek', 'merge_install': False, 'path': '/home/dodo/zadanie/src/plansza_pionek', 'symlink_install': False, 'test_result_base': None}
[4.492s] INFO:colcon.colcon_core.executor:Executing jobs using 'parallel' executor
[4.525s] DEBUG:colcon.colcon_parallel_executor.executor.parallel:run_until_complete
[4.526s] INFO:colcon.colcon_ros.task.ament_python.build:Building ROS package in '/home/dodo/zadanie/src/plansza_pionek' with build type 'ament_python'
[4.526s] Level 1:colcon.colcon_core.shell:create_environment_hook('plansza_pionek', 'ament_prefix_path')
[4.667s] INFO:colcon.colcon_core.plugin_system:Skipping extension 'colcon_core.shell.bat': Not used on non-Windows systems
[4.667s] INFO:colcon.colcon_core.shell:Creating environment hook '/home/dodo/zadanie/install/plansza_pionek/share/plansza_pionek/hook/ament_prefix_path.ps1'
[4.672s] INFO:colcon.colcon_core.shell:Creating environment descriptor '/home/dodo/zadanie/install/plansza_pionek/share/plansza_pionek/hook/ament_prefix_path.dsv'
[4.675s] INFO:colcon.colcon_core.shell:Creating environment hook '/home/dodo/zadanie/install/plansza_pionek/share/plansza_pionek/hook/ament_prefix_path.sh'
[4.716s] INFO:colcon.colcon_core.shell:Skip shell extension 'powershell' for command environment: Not usable outside of PowerShell
[4.716s] DEBUG:colcon.colcon_core.shell:Skip shell extension 'dsv' for command environment
[5.390s] INFO:colcon.colcon_core.task.python.build:Building Python package in '/home/dodo/zadanie/src/plansza_pionek'
[5.427s] INFO:colcon.colcon_core.shell:Skip shell extension 'powershell' for command environment: Not usable outside of PowerShell
[5.428s] DEBUG:colcon.colcon_core.shell:Skip shell extension 'dsv' for command environment
[7.047s] DEBUG:colcon.colcon_core.event_handler.log_command:Invoking command in '/home/dodo/zadanie/src/plansza_pionek': PYTHONPATH=/home/dodo/zadanie/build/plansza_pionek/prefix_override:/home/dodo/zadanie/install/plansza_pionek/lib/python3.10/site-packages:${PYTHONPATH} /usr/bin/python3 setup.py egg_info --egg-base ../../build/plansza_pionek build --build-base /home/dodo/zadanie/build/plansza_pionek/build install --record /home/dodo/zadanie/build/plansza_pionek/install.log --single-version-externally-managed
[8.242s] DEBUG:colcon.colcon_core.event_handler.log_command:Invoked command in '/home/dodo/zadanie/src/plansza_pionek' returned '0': PYTHONPATH=/home/dodo/zadanie/build/plansza_pionek/prefix_override:/home/dodo/zadanie/install/plansza_pionek/lib/python3.10/site-packages:${PYTHONPATH} /usr/bin/python3 setup.py egg_info --egg-base ../../build/plansza_pionek build --build-base /home/dodo/zadanie/build/plansza_pionek/build install --record /home/dodo/zadanie/build/plansza_pionek/install.log --single-version-externally-managed
[8.390s] Level 1:colcon.colcon_core.environment:checking '/home/dodo/zadanie/install/plansza_pionek' for CMake module files
[8.390s] Level 1:colcon.colcon_core.environment:checking '/home/dodo/zadanie/install/plansza_pionek' for CMake config files
[8.392s] Level 1:colcon.colcon_core.environment:checking '/home/dodo/zadanie/install/plansza_pionek/lib'
[8.393s] Level 1:colcon.colcon_core.environment:checking '/home/dodo/zadanie/install/plansza_pionek/bin'
[8.393s] Level 1:colcon.colcon_core.environment:checking '/home/dodo/zadanie/install/plansza_pionek/lib/pkgconfig/plansza_pionek.pc'
[8.394s] Level 1:colcon.colcon_core.environment:checking '/home/dodo/zadanie/install/plansza_pionek/lib/python3.10/site-packages'
[8.394s] Level 1:colcon.colcon_core.shell:create_environment_hook('plansza_pionek', 'pythonpath')
[8.426s] INFO:colcon.colcon_core.shell:Creating environment hook '/home/dodo/zadanie/install/plansza_pionek/share/plansza_pionek/hook/pythonpath.ps1'
[8.427s] INFO:colcon.colcon_core.shell:Creating environment descriptor '/home/dodo/zadanie/install/plansza_pionek/share/plansza_pionek/hook/pythonpath.dsv'
[8.428s] INFO:colcon.colcon_core.shell:Creating environment hook '/home/dodo/zadanie/install/plansza_pionek/share/plansza_pionek/hook/pythonpath.sh'
[8.429s] Level 1:colcon.colcon_core.environment:checking '/home/dodo/zadanie/install/plansza_pionek/bin'
[8.429s] Level 1:colcon.colcon_core.environment:create_environment_scripts_only(plansza_pionek)
[8.458s] INFO:colcon.colcon_core.shell:Creating package script '/home/dodo/zadanie/install/plansza_pionek/share/plansza_pionek/package.ps1'
[8.462s] INFO:colcon.colcon_core.shell:Creating package descriptor '/home/dodo/zadanie/install/plansza_pionek/share/plansza_pionek/package.dsv'
[8.466s] INFO:colcon.colcon_core.shell:Creating package script '/home/dodo/zadanie/install/plansza_pionek/share/plansza_pionek/package.sh'
[8.469s] INFO:colcon.colcon_core.shell:Creating package script '/home/dodo/zadanie/install/plansza_pionek/share/plansza_pionek/package.bash'
[8.475s] INFO:colcon.colcon_core.shell:Creating package script '/home/dodo/zadanie/install/plansza_pionek/share/plansza_pionek/package.zsh'
[8.481s] Level 1:colcon.colcon_core.environment:create_file_with_runtime_dependencies(/home/dodo/zadanie/install/plansza_pionek/share/colcon-core/packages/plansza_pionek)
[8.482s] DEBUG:colcon.colcon_parallel_executor.executor.parallel:closing loop
[8.482s] DEBUG:colcon.colcon_parallel_executor.executor.parallel:loop closed
[8.482s] DEBUG:colcon.colcon_parallel_executor.executor.parallel:run_until_complete finished with '0'
[8.482s] DEBUG:colcon.colcon_core.event_reactor:joining thread
[8.550s] INFO:colcon.colcon_core.plugin_system:Skipping extension 'colcon_notification.desktop_notification.terminal_notifier': Not used on non-Darwin systems
[8.550s] INFO:colcon.colcon_core.plugin_system:Skipping extension 'colcon_notification.desktop_notification.win32': Not used on non-Windows systems
[8.550s] INFO:colcon.colcon_notification.desktop_notification:Sending desktop notification using 'notify2'
[8.609s] DEBUG:colcon.colcon_core.event_reactor:joined thread
[8.652s] INFO:colcon.colcon_core.shell:Creating prefix script '/home/dodo/zadanie/install/local_setup.ps1'
[8.660s] INFO:colcon.colcon_core.shell:Creating prefix util module '/home/dodo/zadanie/install/_local_setup_util_ps1.py'
[8.665s] INFO:colcon.colcon_core.shell:Creating prefix chain script '/home/dodo/zadanie/install/setup.ps1'
[8.763s] INFO:colcon.colcon_core.shell:Creating prefix script '/home/dodo/zadanie/install/local_setup.sh'
[8.771s] INFO:colcon.colcon_core.shell:Creating prefix util module '/home/dodo/zadanie/install/_local_setup_util_sh.py'
[8.774s] INFO:colcon.colcon_core.shell:Creating prefix chain script '/home/dodo/zadanie/install/setup.sh'
[8.806s] INFO:colcon.colcon_core.shell:Creating prefix script '/home/dodo/zadanie/install/local_setup.bash'
[8.809s] INFO:colcon.colcon_core.shell:Creating prefix chain script '/home/dodo/zadanie/install/setup.bash'
[8.849s] INFO:colcon.colcon_core.shell:Creating prefix script '/home/dodo/zadanie/install/local_setup.zsh'
[8.853s] INFO:colcon.colcon_core.shell:Creating prefix chain script '/home/dodo/zadanie/install/setup.zsh'
