running egg_info
writing ../../build/plansza_pionek/plansza_pionek.egg-info/PKG-INFO
writing dependency_links to ../../build/plansza_pionek/plansza_pionek.egg-info/dependency_links.txt
writing entry points to ../../build/plansza_pionek/plansza_pionek.egg-info/entry_points.txt
writing requirements to ../../build/plansza_pionek/plansza_pionek.egg-info/requires.txt
writing top-level names to ../../build/plansza_pionek/plansza_pionek.egg-info/top_level.txt
reading manifest file '../../build/plansza_pionek/plansza_pionek.egg-info/SOURCES.txt'
writing manifest file '../../build/plansza_pionek/plansza_pionek.egg-info/SOURCES.txt'
running build
running build_py
running install
/home/dodo/.local/lib/python3.10/site-packages/setuptools/_distutils/cmd.py:66: SetuptoolsDeprecationWarning: setup.py install is deprecated.
!!

        ********************************************************************************
        Please avoid running ``setup.py`` directly.
        Instead, use pypa/build, pypa/installer or other
        standards-based tools.

        See https://blog.ganssle.io/articles/2021/10/setup-py-deprecated.html for details.
        ********************************************************************************

!!
  self.initialize_options()
running install_lib
running install_data
running install_egg_info
removing '/home/dodo/zadanie_rekrutacyjne/zadanie/install/plansza_pionek/lib/python3.10/site-packages/plansza_pionek-0.0.0-py3.10.egg-info' (and everything under it)
Copying ../../build/plansza_pionek/plansza_pionek.egg-info to /home/dodo/zadanie_rekrutacyjne/zadanie/install/plansza_pionek/lib/python3.10/site-packages/plansza_pionek-0.0.0-py3.10.egg-info
running install_scripts
Installing plansza_pionek script to /home/dodo/zadanie_rekrutacyjne/zadanie/install/plansza_pionek/lib/plansza_pionek
Installing ruch script to /home/dodo/zadanie_rekrutacyjne/zadanie/install/plansza_pionek/lib/plansza_pionek
writing list of installed files to '/home/dodo/zadanie_rekrutacyjne/zadanie/build/plansza_pionek/install.log'
