[1.587s] Invoking command in '/home/dodo/zadanie_rekrutacyjne/zadanie/src/plansza_pionek': PYTHONPATH=/home/dodo/zadanie_rekrutacyjne/zadanie/build/plansza_pionek/prefix_override:/home/dodo/zadanie_rekrutacyjne/zadanie/install/plansza_pionek/lib/python3.10/site-packages:${PYTHONPATH} /usr/bin/python3 setup.py egg_info --egg-base ../../build/plansza_pionek build --build-base /home/dodo/zadanie_rekrutacyjne/zadanie/build/plansza_pionek/build install --record /home/dodo/zadanie_rekrutacyjne/zadanie/build/plansza_pionek/install.log --single-version-externally-managed
[1.994s] running egg_info
[2.001s] writing ../../build/plansza_pionek/plansza_pionek.egg-info/PKG-INFO
[2.002s] writing dependency_links to ../../build/plansza_pionek/plansza_pionek.egg-info/dependency_links.txt
[2.002s] writing entry points to ../../build/plansza_pionek/plansza_pionek.egg-info/entry_points.txt
[2.010s] writing requirements to ../../build/plansza_pionek/plansza_pionek.egg-info/requires.txt
[2.016s] writing top-level names to ../../build/plansza_pionek/plansza_pionek.egg-info/top_level.txt
[2.071s] reading manifest file '../../build/plansza_pionek/plansza_pionek.egg-info/SOURCES.txt'
[2.076s] writing manifest file '../../build/plansza_pionek/plansza_pionek.egg-info/SOURCES.txt'
[2.078s] running build
[2.081s] running build_py
[2.085s] running install
[2.088s] /home/dodo/.local/lib/python3.10/site-packages/setuptools/_distutils/cmd.py:66: SetuptoolsDeprecationWarning: setup.py install is deprecated.
[2.088s] !!
[2.089s] 
[2.089s]         ********************************************************************************
[2.089s]         Please avoid running ``setup.py`` directly.
[2.089s]         Instead, use pypa/build, pypa/installer or other
[2.089s]         standards-based tools.
[2.089s] 
[2.089s]         See https://blog.ganssle.io/articles/2021/10/setup-py-deprecated.html for details.
[2.089s]         ********************************************************************************
[2.089s] 
[2.089s] !!
[2.090s]   self.initialize_options()
[2.104s] running install_lib
[2.137s] running install_data
[2.162s] running install_egg_info
[2.192s] removing '/home/dodo/zadanie_rekrutacyjne/zadanie/install/plansza_pionek/lib/python3.10/site-packages/plansza_pionek-0.0.0-py3.10.egg-info' (and everything under it)
[2.193s] Copying ../../build/plansza_pionek/plansza_pionek.egg-info to /home/dodo/zadanie_rekrutacyjne/zadanie/install/plansza_pionek/lib/python3.10/site-packages/plansza_pionek-0.0.0-py3.10.egg-info
[2.198s] running install_scripts
[2.468s] Installing plansza_pionek script to /home/dodo/zadanie_rekrutacyjne/zadanie/install/plansza_pionek/lib/plansza_pionek
[2.473s] Installing ruch script to /home/dodo/zadanie_rekrutacyjne/zadanie/install/plansza_pionek/lib/plansza_pionek
[2.480s] writing list of installed files to '/home/dodo/zadanie_rekrutacyjne/zadanie/build/plansza_pionek/install.log'
[2.530s] Invoked command in '/home/dodo/zadanie_rekrutacyjne/zadanie/src/plansza_pionek' returned '0': PYTHONPATH=/home/dodo/zadanie_rekrutacyjne/zadanie/build/plansza_pionek/prefix_override:/home/dodo/zadanie_rekrutacyjne/zadanie/install/plansza_pionek/lib/python3.10/site-packages:${PYTHONPATH} /usr/bin/python3 setup.py egg_info --egg-base ../../build/plansza_pionek build --build-base /home/dodo/zadanie_rekrutacyjne/zadanie/build/plansza_pionek/build install --record /home/dodo/zadanie_rekrutacyjne/zadanie/build/plansza_pionek/install.log --single-version-externally-managed
